<?xml version="1.0" encoding="UTF-8"?>
<!-- Generated by org.testng.reporters.JUnitReportReporter -->
<testsuite hostname="DESKTOP-IM9JJRQ" failures="0" tests="1" name="scripts.MB02_ValidateCheckTransfer" time="33.786" errors="0" timestamp="2023-12-19T15:25:52 CST" skipped="0">
  <testcase classname="scripts.MB02_ValidateCheckTransfer" name="MB_02" time="33.786"/>
  <system-out/>
</testsuite> <!-- scripts.MB02_ValidateCheckTransfer -->
