<?xml version="1.0" encoding="UTF-8"?>
<!-- Generated by org.testng.reporters.JUnitReportReporter -->
<testsuite hostname="DESKTOP-IM9JJRQ" failures="0" tests="1" name="scripts.MB01_ValidateLoginPage" time="13.283" errors="0" timestamp="2023-12-19T15:25:52 CST" skipped="0">
  <testcase classname="scripts.MB01_ValidateLoginPage" name="MB_01" time="13.283"/>
  <system-out/>
</testsuite> <!-- scripts.MB01_ValidateLoginPage -->
