<?xml version="1.0" encoding="UTF-8"?>
<!-- Generated by org.testng.reporters.JUnitReportReporter -->
<testsuite hostname="DESKTOP-IM9JJRQ" failures="0" tests="1" name="scripts.MB04_ValidateWithdrawalAmount" time="48.128" errors="0" timestamp="2023-12-19T15:25:52 CST" skipped="0">
  <testcase classname="scripts.MB04_ValidateWithdrawalAmount" name="MB_04" time="48.128"/>
  <system-out/>
</testsuite> <!-- scripts.MB04_ValidateWithdrawalAmount -->
