<?xml version="1.0" encoding="UTF-8"?>
<!-- Generated by org.testng.reporters.JUnitReportReporter -->
<testsuite hostname="DESKTOP-IM9JJRQ" failures="0" tests="1" name="scripts.MB03_ValidateBankTransfer" time="22.295" errors="0" timestamp="2023-12-19T15:25:52 CST" skipped="0">
  <testcase classname="scripts.MB03_ValidateBankTransfer" name="MB_03" time="22.295"/>
  <system-out/>
</testsuite> <!-- scripts.MB03_ValidateBankTransfer -->
