<?xml version="1.0" encoding="UTF-8"?>
<!-- Generated by org.testng.reporters.JUnitReportReporter -->
<testsuite hostname="DESKTOP-IM9JJRQ" failures="0" tests="1" name="scripts.MB02_ValidateCheckTransfer" time="24.494" errors="0" timestamp="2023-12-19T16:03:56 CST" skipped="0">
  <testcase classname="scripts.MB02_ValidateCheckTransfer" name="MB_02" time="24.494"/>
  <system-out/>
</testsuite> <!-- scripts.MB02_ValidateCheckTransfer -->
